{"D:\\Demo\\github\\jsSnippets\\src\\domUtils.js": {"path":"D:\\Demo\\github\\jsSnippets\\src\\domUtils.js","statementMap":{"0":{"start":{"line":1,"column":0},"end":{"line":null,"column":-1}},"1":{"start":{"line":11,"column":4},"end":{"line":null,"column":-1}},"2":{"start":{"line":24,"column":6},"end":{"line":23,"column":4}},"3":{"start":{"line":29,"column":4},"end":{"line":35,"column":5}},"4":{"start":{"line":30,"column":6},"end":{"line":34,"column":7}},"5":{"start":{"line":31,"column":8},"end":{"line":null,"column":-1}},"6":{"start":{"line":33,"column":8},"end":{"line":null,"column":-1}},"7":{"start":{"line":36,"column":4},"end":{"line":null,"column":-1}},"8":{"start":{"line":48,"column":29},"end":{"line":48,"column":4}},"9":{"start":{"line":49,"column":4},"end":{"line":null,"column":-1}}},"fnMap":{},"branchMap":{"0":{"loc":{"start":{"line":10,"column":28},"end":{"line":10,"column":2}},"type":"default-arg","locations":[{"start":{"line":10,"column":28},"end":{"line":10,"column":2}}]},"1":{"loc":{"start":{"line":22,"column":39},"end":{"line":22,"column":2}},"type":"default-arg","locations":[{"start":{"line":22,"column":39},"end":{"line":22,"column":2}}]},"2":{"loc":{"start":{"line":24,"column":6},"end":{"line":24,"column":5}},"type":"binary-expr","locations":[{"start":{"line":24,"column":6},"end":{"line":24,"column":5}},{"start":{"line":25,"column":6},"end":{"line":24,"column":6}},{"start":{"line":26,"column":6},"end":{"line":24,"column":6}},{"start":{"line":27,"column":6},"end":{"line":23,"column":4}}]},"3":{"loc":{"start":{"line":29,"column":11},"end":{"line":29,"column":16}},"type":"binary-expr","locations":[{"start":{"line":29,"column":11},"end":{"line":29,"column":16}},{"start":{"line":29,"column":17},"end":{"line":29,"column":4}}]},"4":{"loc":{"start":{"line":30,"column":6},"end":{"line":34,"column":7}},"type":"if","locations":[{"start":{"line":30,"column":6},"end":{"line":34,"column":7}},{"start":{"line":30,"column":6},"end":{"line":34,"column":7}}]}},"s":{"0":0,"1":0,"2":0,"3":0,"4":0,"5":0,"6":0,"7":0,"8":0,"9":0},"f":{},"b":{"0":[0],"1":[0],"2":[0,0,0,0],"3":[0,0],"4":[0,0]}}
,"D:\\Demo\\github\\jsSnippets\\src\\utils.js": {"path":"D:\\Demo\\github\\jsSnippets\\src\\utils.js","statementMap":{"0":{"start":{"line":1,"column":0},"end":{"line":77,"column":1}},"1":{"start":{"line":11,"column":4},"end":{"line":13,"column":5}},"2":{"start":{"line":12,"column":6},"end":{"line":12,"column":48}},"3":{"start":{"line":14,"column":4},"end":{"line":16,"column":5}},"4":{"start":{"line":15,"column":6},"end":{"line":15,"column":17}},"5":{"start":{"line":17,"column":4},"end":{"line":22,"column":42}},"6":{"start":{"line":22,"column":22},"end":{"line":22,"column":41}},"7":{"start":{"line":34,"column":4},"end":{"line":34,"column":45}},"8":{"start":{"line":34,"column":25},"end":{"line":34,"column":44}},"9":{"start":{"line":47,"column":17},"end":{"line":47,"column":28}},"10":{"start":{"line":48,"column":4},"end":{"line":50,"column":5}},"11":{"start":{"line":49,"column":6},"end":{"line":49,"column":19}},"12":{"start":{"line":51,"column":4},"end":{"line":51,"column":53}},"13":{"start":{"line":63,"column":4},"end":{"line":63,"column":55}},"14":{"start":{"line":75,"column":4},"end":{"line":75,"column":71}},"15":{"start":{"line":75,"column":50},"end":{"line":75,"column":70}}},"fnMap":{"0":{"name":"(anonymous_0)","decl":{"start":{"line":22,"column":12},"end":{"line":22,"column":13}},"loc":{"start":{"line":22,"column":22},"end":{"line":22,"column":41}},"line":22},"1":{"name":"(anonymous_1)","decl":{"start":{"line":34,"column":20},"end":{"line":34,"column":21}},"loc":{"start":{"line":34,"column":25},"end":{"line":34,"column":44}},"line":34},"2":{"name":"(anonymous_2)","decl":{"start":{"line":75,"column":33},"end":{"line":75,"column":34}},"loc":{"start":{"line":75,"column":50},"end":{"line":75,"column":70}},"line":75}},"branchMap":{"0":{"loc":{"start":{"line":11,"column":4},"end":{"line":13,"column":5}},"type":"if","locations":[{"start":{"line":11,"column":4},"end":{"line":13,"column":5}},{"start":{"line":11,"column":4},"end":{"line":13,"column":5}}],"line":11},"1":{"loc":{"start":{"line":14,"column":4},"end":{"line":16,"column":5}},"type":"if","locations":[{"start":{"line":14,"column":4},"end":{"line":16,"column":5}},{"start":{"line":14,"column":4},"end":{"line":16,"column":5}}],"line":14},"2":{"loc":{"start":{"line":48,"column":4},"end":{"line":50,"column":5}},"type":"if","locations":[{"start":{"line":48,"column":4},"end":{"line":50,"column":5}},{"start":{"line":48,"column":4},"end":{"line":50,"column":5}}],"line":48}},"s":{"0":1,"1":3,"2":1,"3":2,"4":1,"5":1,"6":8,"7":0,"8":0,"9":0,"10":0,"11":0,"12":0,"13":0,"14":0,"15":0},"f":{"0":8,"1":0,"2":0},"b":{"0":[1,2],"1":[1,1],"2":[0,0]},"_coverageSchema":"332fd63041d2c1bcb487cc26dd0d5f7d97098a6c","hash":"443a050b5973bad008f7f5b1b84a15385d941feb"}
}
