{"D:\\Demo\\github\\jsSnippets\\src\\domUtils.js": {"path":"D:\\Demo\\github\\jsSnippets\\src\\domUtils.js","statementMap":{"0":{"start":{"line":4,"column":0},"end":{"line":50,"column":1}},"1":{"start":{"line":12,"column":4},"end":{"line":12,"column":60}},"2":{"start":{"line":21,"column":29},"end":{"line":21,"column":55}},"3":{"start":{"line":22,"column":4},"end":{"line":27,"column":5}},"4":{"start":{"line":30,"column":4},"end":{"line":32,"column":5}},"5":{"start":{"line":35,"column":4},"end":{"line":37,"column":5}},"6":{"start":{"line":36,"column":6},"end":{"line":36,"column":12}},"7":{"start":{"line":38,"column":14},"end":{"line":38,"column":43}},"8":{"start":{"line":39,"column":4},"end":{"line":39,"column":26}},"9":{"start":{"line":40,"column":4},"end":{"line":40,"column":24}},"10":{"start":{"line":43,"column":4},"end":{"line":45,"column":5}},"11":{"start":{"line":44,"column":6},"end":{"line":44,"column":12}},"12":{"start":{"line":46,"column":14},"end":{"line":46,"column":43}},"13":{"start":{"line":47,"column":4},"end":{"line":47,"column":24}},"14":{"start":{"line":48,"column":4},"end":{"line":48,"column":26}}},"fnMap":{},"branchMap":{"0":{"loc":{"start":{"line":11,"column":14},"end":{"line":11,"column":35}},"type":"default-arg","locations":[{"start":{"line":11,"column":27},"end":{"line":11,"column":35}}],"line":11},"1":{"loc":{"start":{"line":31,"column":6},"end":{"line":31,"column":79}},"type":"binary-expr","locations":[{"start":{"line":31,"column":6},"end":{"line":31,"column":26}},{"start":{"line":31,"column":30},"end":{"line":31,"column":53}},{"start":{"line":31,"column":57},"end":{"line":31,"column":79}}],"line":31},"2":{"loc":{"start":{"line":35,"column":4},"end":{"line":37,"column":5}},"type":"if","locations":[{"start":{"line":35,"column":4},"end":{"line":37,"column":5}},{"start":{"line":35,"column":4},"end":{"line":37,"column":5}}],"line":35},"3":{"loc":{"start":{"line":43,"column":4},"end":{"line":45,"column":5}},"type":"if","locations":[{"start":{"line":43,"column":4},"end":{"line":45,"column":5}},{"start":{"line":43,"column":4},"end":{"line":45,"column":5}}],"line":43}},"s":{"0":1,"1":3,"2":1,"3":1,"4":0,"5":0,"6":0,"7":0,"8":0,"9":0,"10":0,"11":0,"12":0,"13":0,"14":0},"f":{},"b":{"0":[2],"1":[0,0,0],"2":[0,0],"3":[0,0]},"_coverageSchema":"332fd63041d2c1bcb487cc26dd0d5f7d97098a6c","hash":"22ad10610261433361a1e39d4f7a4834a3caa445"}
,"D:\\Demo\\github\\jsSnippets\\src\\utils.js": {"path":"D:\\Demo\\github\\jsSnippets\\src\\utils.js","statementMap":{"0":{"start":{"line":1,"column":14},"end":{"line":178,"column":1}},"1":{"start":{"line":10,"column":4},"end":{"line":12,"column":5}},"2":{"start":{"line":11,"column":6},"end":{"line":11,"column":48}},"3":{"start":{"line":13,"column":4},"end":{"line":15,"column":5}},"4":{"start":{"line":14,"column":6},"end":{"line":14,"column":17}},"5":{"start":{"line":16,"column":4},"end":{"line":21,"column":42}},"6":{"start":{"line":21,"column":22},"end":{"line":21,"column":41}},"7":{"start":{"line":32,"column":4},"end":{"line":32,"column":46}},"8":{"start":{"line":32,"column":26},"end":{"line":32,"column":45}},"9":{"start":{"line":44,"column":4},"end":{"line":46,"column":5}},"10":{"start":{"line":45,"column":6},"end":{"line":45,"column":48}},"11":{"start":{"line":47,"column":4},"end":{"line":47,"column":56}},"12":{"start":{"line":58,"column":4},"end":{"line":60,"column":5}},"13":{"start":{"line":59,"column":6},"end":{"line":59,"column":47}},"14":{"start":{"line":61,"column":4},"end":{"line":61,"column":55}},"15":{"start":{"line":72,"column":4},"end":{"line":74,"column":5}},"16":{"start":{"line":73,"column":6},"end":{"line":73,"column":47}},"17":{"start":{"line":75,"column":4},"end":{"line":75,"column":71}},"18":{"start":{"line":75,"column":50},"end":{"line":75,"column":70}},"19":{"start":{"line":88,"column":4},"end":{"line":88,"column":70}},"20":{"start":{"line":95,"column":4},"end":{"line":100,"column":5}},"21":{"start":{"line":103,"column":4},"end":{"line":108,"column":23}},"22":{"start":{"line":105,"column":8},"end":{"line":105,"column":35}},"23":{"start":{"line":106,"column":8},"end":{"line":106,"column":17}},"24":{"start":{"line":112,"column":19},"end":{"line":112,"column":39}},"25":{"start":{"line":113,"column":4},"end":{"line":115,"column":5}},"26":{"start":{"line":114,"column":6},"end":{"line":114,"column":18}},"27":{"start":{"line":116,"column":4},"end":{"line":116,"column":28}},"28":{"start":{"line":117,"column":22},"end":{"line":117,"column":26}},"29":{"start":{"line":118,"column":17},"end":{"line":125,"column":13}},"30":{"start":{"line":119,"column":6},"end":{"line":119,"column":42}},"31":{"start":{"line":120,"column":6},"end":{"line":123,"column":7}},"32":{"start":{"line":122,"column":8},"end":{"line":122,"column":29}},"33":{"start":{"line":124,"column":6},"end":{"line":124,"column":20}},"34":{"start":{"line":126,"column":4},"end":{"line":128,"column":5}},"35":{"start":{"line":127,"column":6},"end":{"line":127,"column":18}},"36":{"start":{"line":129,"column":4},"end":{"line":129,"column":30}},"37":{"start":{"line":130,"column":4},"end":{"line":130,"column":15}},"38":{"start":{"line":134,"column":6},"end":{"line":138,"column":19}},"39":{"start":{"line":135,"column":8},"end":{"line":135,"column":20}},"40":{"start":{"line":136,"column":8},"end":{"line":136,"column":35}},"41":{"start":{"line":137,"column":8},"end":{"line":137,"column":17}},"42":{"start":{"line":140,"column":4},"end":{"line":140,"column":26}},"43":{"start":{"line":143,"column":4},"end":{"line":147,"column":5}},"44":{"start":{"line":144,"column":6},"end":{"line":144,"column":45}},"45":{"start":{"line":146,"column":6},"end":{"line":146,"column":37}},"46":{"start":{"line":150,"column":20},"end":{"line":150,"column":36}},"47":{"start":{"line":151,"column":20},"end":{"line":151,"column":37}},"48":{"start":{"line":152,"column":20},"end":{"line":152,"column":36}},"49":{"start":{"line":153,"column":20},"end":{"line":153,"column":37}},"50":{"start":{"line":155,"column":26},"end":{"line":155,"column":47}},"51":{"start":{"line":156,"column":27},"end":{"line":156,"column":48}},"52":{"start":{"line":157,"column":29},"end":{"line":157,"column":50}},"53":{"start":{"line":159,"column":23},"end":{"line":164,"column":5}},"54":{"start":{"line":165,"column":22},"end":{"line":170,"column":5}},"55":{"start":{"line":171,"column":4},"end":{"line":176,"column":5}},"56":{"start":{"line":173,"column":6},"end":{"line":173,"column":76}},"57":{"start":{"line":175,"column":6},"end":{"line":175,"column":76}},"58":{"start":{"line":182,"column":0},"end":{"line":182,"column":22}}},"fnMap":{"0":{"name":"(anonymous_0)","decl":{"start":{"line":21,"column":12},"end":{"line":21,"column":13}},"loc":{"start":{"line":21,"column":22},"end":{"line":21,"column":41}},"line":21},"1":{"name":"(anonymous_1)","decl":{"start":{"line":32,"column":20},"end":{"line":32,"column":21}},"loc":{"start":{"line":32,"column":26},"end":{"line":32,"column":45}},"line":32},"2":{"name":"(anonymous_2)","decl":{"start":{"line":75,"column":33},"end":{"line":75,"column":34}},"loc":{"start":{"line":75,"column":50},"end":{"line":75,"column":70}},"line":75},"3":{"name":"(anonymous_3)","decl":{"start":{"line":104,"column":14},"end":{"line":104,"column":15}},"loc":{"start":{"line":104,"column":27},"end":{"line":107,"column":7}},"line":104},"4":{"name":"(anonymous_4)","decl":{"start":{"line":118,"column":43},"end":{"line":118,"column":44}},"loc":{"start":{"line":118,"column":68},"end":{"line":125,"column":5}},"line":118},"5":{"name":"iterator","decl":{"start":{"line":133,"column":13},"end":{"line":133,"column":21}},"loc":{"start":{"line":133,"column":32},"end":{"line":139,"column":5}},"line":133},"6":{"name":"(anonymous_6)","decl":{"start":{"line":134,"column":24},"end":{"line":134,"column":25}},"loc":{"start":{"line":134,"column":37},"end":{"line":138,"column":7}},"line":134}},"branchMap":{"0":{"loc":{"start":{"line":10,"column":4},"end":{"line":12,"column":5}},"type":"if","locations":[{"start":{"line":10,"column":4},"end":{"line":12,"column":5}},{"start":{"line":10,"column":4},"end":{"line":12,"column":5}}],"line":10},"1":{"loc":{"start":{"line":13,"column":4},"end":{"line":15,"column":5}},"type":"if","locations":[{"start":{"line":13,"column":4},"end":{"line":15,"column":5}},{"start":{"line":13,"column":4},"end":{"line":15,"column":5}}],"line":13},"2":{"loc":{"start":{"line":44,"column":4},"end":{"line":46,"column":5}},"type":"if","locations":[{"start":{"line":44,"column":4},"end":{"line":46,"column":5}},{"start":{"line":44,"column":4},"end":{"line":46,"column":5}}],"line":44},"3":{"loc":{"start":{"line":58,"column":4},"end":{"line":60,"column":5}},"type":"if","locations":[{"start":{"line":58,"column":4},"end":{"line":60,"column":5}},{"start":{"line":58,"column":4},"end":{"line":60,"column":5}}],"line":58},"4":{"loc":{"start":{"line":72,"column":4},"end":{"line":74,"column":5}},"type":"if","locations":[{"start":{"line":72,"column":4},"end":{"line":74,"column":5}},{"start":{"line":72,"column":4},"end":{"line":74,"column":5}}],"line":72},"5":{"loc":{"start":{"line":88,"column":11},"end":{"line":88,"column":70}},"type":"binary-expr","locations":[{"start":{"line":88,"column":11},"end":{"line":88,"column":23}},{"start":{"line":88,"column":27},"end":{"line":88,"column":70}}],"line":88},"6":{"loc":{"start":{"line":113,"column":4},"end":{"line":115,"column":5}},"type":"if","locations":[{"start":{"line":113,"column":4},"end":{"line":115,"column":5}},{"start":{"line":113,"column":4},"end":{"line":115,"column":5}}],"line":113},"7":{"loc":{"start":{"line":113,"column":8},"end":{"line":113,"column":46}},"type":"binary-expr","locations":[{"start":{"line":113,"column":8},"end":{"line":113,"column":33}},{"start":{"line":113,"column":37},"end":{"line":113,"column":46}}],"line":113},"8":{"loc":{"start":{"line":120,"column":6},"end":{"line":123,"column":7}},"type":"if","locations":[{"start":{"line":120,"column":6},"end":{"line":123,"column":7}},{"start":{"line":120,"column":6},"end":{"line":123,"column":7}}],"line":120},"9":{"loc":{"start":{"line":126,"column":4},"end":{"line":128,"column":5}},"type":"if","locations":[{"start":{"line":126,"column":4},"end":{"line":128,"column":5}},{"start":{"line":126,"column":4},"end":{"line":128,"column":5}}],"line":126},"10":{"loc":{"start":{"line":126,"column":8},"end":{"line":126,"column":40}},"type":"binary-expr","locations":[{"start":{"line":126,"column":8},"end":{"line":126,"column":24}},{"start":{"line":126,"column":28},"end":{"line":126,"column":40}}],"line":126},"11":{"loc":{"start":{"line":132,"column":20},"end":{"line":132,"column":41}},"type":"default-arg","locations":[{"start":{"line":132,"column":31},"end":{"line":132,"column":41}}],"line":132},"12":{"loc":{"start":{"line":138,"column":9},"end":{"line":138,"column":18}},"type":"binary-expr","locations":[{"start":{"line":138,"column":9},"end":{"line":138,"column":12}},{"start":{"line":138,"column":16},"end":{"line":138,"column":18}}],"line":138},"13":{"loc":{"start":{"line":142,"column":25},"end":{"line":142,"column":43}},"type":"default-arg","locations":[{"start":{"line":142,"column":36},"end":{"line":142,"column":43}}],"line":142},"14":{"loc":{"start":{"line":142,"column":45},"end":{"line":142,"column":71}},"type":"default-arg","locations":[{"start":{"line":142,"column":56},"end":{"line":142,"column":71}}],"line":142},"15":{"loc":{"start":{"line":144,"column":13},"end":{"line":144,"column":45}},"type":"binary-expr","locations":[{"start":{"line":144,"column":13},"end":{"line":144,"column":33}},{"start":{"line":144,"column":37},"end":{"line":144,"column":45}}],"line":144},"16":{"loc":{"start":{"line":149,"column":51},"end":{"line":149,"column":67}},"type":"default-arg","locations":[{"start":{"line":149,"column":58},"end":{"line":149,"column":67}}],"line":149},"17":{"loc":{"start":{"line":171,"column":4},"end":{"line":176,"column":5}},"type":"switch","locations":[{"start":{"line":172,"column":4},"end":{"line":173,"column":76}},{"start":{"line":174,"column":4},"end":{"line":175,"column":76}}],"line":171},"18":{"loc":{"start":{"line":173,"column":13},"end":{"line":173,"column":76}},"type":"cond-expr","locations":[{"start":{"line":173,"column":50},"end":{"line":173,"column":62}},{"start":{"line":173,"column":65},"end":{"line":173,"column":76}}],"line":173},"19":{"loc":{"start":{"line":175,"column":13},"end":{"line":175,"column":76}},"type":"cond-expr","locations":[{"start":{"line":175,"column":50},"end":{"line":175,"column":61}},{"start":{"line":175,"column":64},"end":{"line":175,"column":76}}],"line":175}},"s":{"0":1,"1":3,"2":1,"3":2,"4":1,"5":1,"6":8,"7":1,"8":10,"9":4,"10":1,"11":3,"12":3,"13":1,"14":2,"15":3,"16":1,"17":2,"18":2,"19":0,"20":0,"21":0,"22":0,"23":0,"24":0,"25":0,"26":0,"27":0,"28":0,"29":0,"30":0,"31":0,"32":0,"33":0,"34":0,"35":0,"36":0,"37":0,"38":0,"39":0,"40":0,"41":0,"42":0,"43":0,"44":0,"45":0,"46":0,"47":0,"48":0,"49":0,"50":0,"51":0,"52":0,"53":0,"54":0,"55":0,"56":0,"57":0,"58":1},"f":{"0":8,"1":10,"2":2,"3":0,"4":0,"5":0,"6":0},"b":{"0":[1,2],"1":[1,1],"2":[1,3],"3":[1,2],"4":[1,2],"5":[0,0],"6":[0,0],"7":[0,0],"8":[0,0],"9":[0,0],"10":[0,0],"11":[0],"12":[0,0],"13":[0],"14":[0],"15":[0,0],"16":[0],"17":[0,0],"18":[0,0],"19":[0,0]},"_coverageSchema":"332fd63041d2c1bcb487cc26dd0d5f7d97098a6c","hash":"1cccf1b207a1b1e67785a8188f744ccbb1ef7d7a"}
}
