TN:
SF:C:\Users\xianshenglu\projects\jsSnippets\src\constants\index.js
FNF:0
FNH:0
LF:0
LH:0
BRF:0
BRH:0
end_of_record
TN:
SF:C:\Users\xianshenglu\projects\jsSnippets\src\utils\index.js
FN:8,sortCharacters
FN:20,(anonymous_1)
FN:30,getPseudorandom
FN:31,(anonymous_3)
FN:42,toFixedNoLast0
FN:53,camelToHyphen
FN:64,hyphenToCamel
FN:65,(anonymous_7)
FN:75,isObject
FN:87,isPlainObject
FN:103,replaceProperty
FN:106,(anonymous_11)
FN:120,flattenArr
FN:121,iterator
FN:122,(anonymous_14)
FN:145,tryJsonParse
FN:166,calcSizeWithRespectRatio
FN:222,serializeObj
FN:223,(anonymous_18)
FN:231,(anonymous_19)
FN:249,getDateInfo
FN:294,flatFormRules
FNF:22
FNH:21
FNDA:3,sortCharacters
FNDA:8,(anonymous_1)
FNDA:1,getPseudorandom
FNDA:11,(anonymous_3)
FNDA:3,toFixedNoLast0
FNDA:2,camelToHyphen
FNDA:2,hyphenToCamel
FNDA:2,(anonymous_7)
FNDA:4,isObject
FNDA:6,isPlainObject
FNDA:3,replaceProperty
FNDA:5,(anonymous_11)
FNDA:2,flattenArr
FNDA:10,iterator
FNDA:10,(anonymous_14)
FNDA:4,tryJsonParse
FNDA:4,calcSizeWithRespectRatio
FNDA:5,serializeObj
FNDA:8,(anonymous_18)
FNDA:2,(anonymous_19)
FNDA:0,getDateInfo
FNDA:3,flatFormRules
DA:9,3
DA:10,1
DA:12,2
DA:13,1
DA:15,1
DA:20,8
DA:31,11
DA:43,3
DA:54,2
DA:65,2
DA:76,4
DA:77,4
DA:88,6
DA:104,3
DA:105,3
DA:106,3
DA:107,5
DA:109,3
DA:110,3
DA:122,10
DA:123,10
DA:124,10
DA:125,10
DA:126,8
DA:128,10
DA:131,2
DA:150,4
DA:151,4
DA:153,1
DA:171,4
DA:172,4
DA:173,4
DA:174,4
DA:176,4
DA:177,4
DA:178,4
DA:180,4
DA:186,4
DA:192,4
DA:194,2
DA:196,2
DA:223,5
DA:224,8
DA:225,3
DA:227,5
DA:228,5
DA:230,5
DA:231,1
DA:232,2
DA:233,2
DA:234,0
DA:236,2
DA:237,2
DA:240,5
DA:255,0
DA:256,0
DA:257,0
DA:258,0
DA:259,0
DA:260,0
DA:261,0
DA:262,0
DA:263,0
DA:265,0
DA:266,0
DA:267,0
DA:268,0
DA:269,0
DA:270,0
DA:271,0
DA:272,0
DA:274,0
DA:275,0
DA:276,0
DA:277,0
DA:278,0
DA:279,0
DA:281,0
DA:295,3
LF:79
LH:54
BRDA:9,0,0,1
BRDA:9,0,1,2
BRDA:12,1,0,1
BRDA:12,1,1,1
BRDA:77,2,0,4
BRDA:77,2,1,4
BRDA:77,2,2,2
BRDA:120,3,0,1
BRDA:125,4,0,8
BRDA:125,4,1,2
BRDA:129,5,0,10
BRDA:129,5,1,2
BRDA:147,6,0,2
BRDA:148,7,0,3
BRDA:151,8,0,4
BRDA:151,8,1,2
BRDA:169,9,0,2
BRDA:192,10,0,2
BRDA:192,10,1,2
BRDA:194,11,0,1
BRDA:194,11,1,1
BRDA:196,12,0,1
BRDA:196,12,1,1
BRDA:224,13,0,3
BRDA:224,13,1,5
BRDA:224,14,0,8
BRDA:224,14,1,7
BRDA:224,14,2,6
BRDA:230,15,0,1
BRDA:230,15,1,4
BRDA:233,16,0,0
BRDA:233,16,1,2
BRDA:249,17,0,0
BRDA:250,18,0,0
BRDA:251,19,0,0
BRDA:252,20,0,0
BRDA:253,21,0,0
BRDA:262,22,0,0
BRDA:262,22,1,0
BRDA:265,23,0,0
BRDA:265,23,1,0
BRDA:274,24,0,0
BRDA:274,24,1,0
BRF:43
BRH:31
end_of_record
TN:
SF:C:\Users\xianshenglu\projects\jsSnippets\src\web\index.js
FN:7,$
FN:16,closest
FN:38,getElOffsetToEvent
FN:58,isElement
FN:84,isEscape
FN:97,htmlEncodeByDom
FN:109,htmlDecodeByDom
FN:118,isLandscape
FNF:8
FNH:7
FNDA:3,$
FNDA:2,closest
FNDA:1,getElOffsetToEvent
FNDA:7,isElement
FNDA:0,isEscape
FNDA:2,htmlEncodeByDom
FNDA:2,htmlDecodeByDom
FNDA:1,isLandscape
DA:8,3
DA:18,2
DA:23,2
DA:24,4
DA:25,1
DA:27,3
DA:30,1
DA:39,1
DA:40,1
DA:59,7
DA:60,2
DA:63,5
DA:64,15
DA:66,15
DA:68,15
DA:72,3
DA:74,12
DA:77,2
DA:86,0
DA:98,2
DA:99,2
DA:100,2
DA:110,2
DA:111,2
DA:112,2
DA:119,1
DA:125,1
DA:126,0
DA:127,1
DA:132,0
DA:135,1
LF:31
LH:28
BRDA:7,0,0,2
BRDA:16,1,0,1
BRDA:18,2,0,2
BRDA:18,2,1,0
BRDA:18,2,2,0
BRDA:18,2,3,0
BRDA:23,3,0,5
BRDA:23,3,1,5
BRDA:24,4,0,1
BRDA:24,4,1,3
BRDA:59,5,0,2
BRDA:59,5,1,5
BRDA:59,6,0,7
BRDA:59,6,1,6
BRDA:68,7,0,3
BRDA:68,7,1,12
BRDA:69,8,0,15
BRDA:69,8,1,13
BRDA:87,9,0,0
BRDA:87,9,1,0
BRDA:87,9,2,0
BRDA:120,10,0,1
BRDA:120,10,1,1
BRDA:120,10,2,1
BRDA:120,10,3,1
BRDA:125,11,0,0
BRDA:125,11,1,1
BRDA:127,12,0,0
BRDA:127,12,1,1
BRDA:128,13,0,1
BRDA:128,13,1,0
BRF:31
BRH:22
end_of_record
