TN:
SF:D:\Demo\github\jsSnippets\src\browserUtils.js
FNF:0
FNH:0
DA:4,1
DA:12,3
DA:21,1
DA:22,1
DA:41,7
DA:42,2
DA:45,5
DA:46,15
DA:48,15
DA:50,15
DA:54,3
DA:56,12
DA:59,2
DA:68,0
DA:80,2
DA:81,2
DA:82,2
DA:92,2
DA:93,2
DA:94,2
DA:101,1
DA:107,1
DA:108,0
DA:109,1
DA:114,0
DA:117,1
LF:26
LH:23
BRDA:11,0,0,2
BRDA:41,1,0,2
BRDA:41,1,1,5
BRDA:41,2,0,7
BRDA:41,2,1,6
BRDA:50,3,0,3
BRDA:50,3,1,12
BRDA:51,4,0,15
BRDA:51,4,1,13
BRDA:69,5,0,0
BRDA:69,5,1,0
BRDA:69,5,2,0
BRDA:102,6,0,1
BRDA:102,6,1,1
BRDA:102,6,2,1
BRDA:102,6,3,1
BRDA:107,7,0,0
BRDA:107,7,1,1
BRDA:109,8,0,0
BRDA:109,8,1,1
BRDA:110,9,0,1
BRDA:110,9,1,0
BRF:22
BRH:16
end_of_record
TN:
SF:D:\Demo\github\jsSnippets\src\utils.js
FN:24,(anonymous_0)
FN:35,(anonymous_1)
FN:69,(anonymous_2)
FN:110,(anonymous_3)
FN:125,iterator
FN:126,(anonymous_5)
FNF:6
FNH:6
FNDA:8,(anonymous_0)
FNDA:9,(anonymous_1)
FNDA:2,(anonymous_2)
FNDA:5,(anonymous_3)
FNDA:10,iterator
FNDA:10,(anonymous_5)
DA:4,1
DA:13,3
DA:14,1
DA:16,2
DA:17,1
DA:19,1
DA:24,8
DA:35,9
DA:47,3
DA:58,2
DA:69,2
DA:80,4
DA:81,4
DA:92,6
DA:108,3
DA:109,3
DA:110,3
DA:111,5
DA:113,3
DA:114,3
DA:126,10
DA:127,10
DA:128,10
DA:129,10
DA:130,8
DA:132,10
DA:135,2
DA:154,4
DA:155,4
DA:157,1
DA:171,4
DA:172,4
DA:173,4
DA:174,4
DA:176,4
DA:177,4
DA:178,4
DA:180,4
DA:186,4
DA:192,4
DA:194,2
DA:196,2
LF:42
LH:42
BRDA:13,0,0,1
BRDA:13,0,1,2
BRDA:16,1,0,1
BRDA:16,1,1,1
BRDA:81,2,0,4
BRDA:81,2,1,4
BRDA:81,2,2,2
BRDA:124,3,0,1
BRDA:129,4,0,8
BRDA:129,4,1,2
BRDA:133,5,0,10
BRDA:133,5,1,2
BRDA:151,6,0,2
BRDA:152,7,0,3
BRDA:155,8,0,4
BRDA:155,8,1,2
BRDA:170,9,0,2
BRDA:192,10,0,2
BRDA:192,10,1,2
BRDA:194,11,0,1
BRDA:194,11,1,1
BRDA:196,12,0,1
BRDA:196,12,1,1
BRF:23
BRH:23
end_of_record
